
$ Wed May 20 14:23:13 CEST 2015
! Krudo 0.14b by Francesco Bianco <bianco@javanile.org>
? ciao
? quit
! exit

$ Wed Jul 22 17:47:35 CEST 2015
! Krudo 0.15a by Francesco Bianco <bianco@javanile.org>
? ciao
? quit
! exit

$ Wed Jul 22 17:47:57 CEST 2015
! Krudo 0.15a by Francesco Bianco <bianco@javanile.org>
? help
? uci
! id name Krudo 0.15a
! id author Francesco Bianco
! uciok
? test perft
? quit
! exit

$ Wed Jul 22 17:47:17 CEST 2015
! Krudo 0.15a by Francesco Bianco <bianco@javanile.org>
? null
& java.lang.NullPointerException
	at org.krudo.UCI.parse(Unknown Source)
	at org.krudo.Krudo.main(Unknown Source)
! exit

$ Wed Jul 22 17:47:28 CEST 2015
! Krudo 0.15a by Francesco Bianco <bianco@javanile.org>
? null
& java.lang.NullPointerException
	at org.krudo.UCI.parse(Unknown Source)
	at org.krudo.Krudo.main(Unknown Source)
! exit
